Using pre-set license
Built from '2021.3/staging' branch; Version is '2021.3.15f1 (e8e88683f834) revision 15263878'; Using compiler version '192829333'; Build Type 'Release'
OS: 'Windows 10  (10.0.19044) 64bit Core' Language: 'en' Physical Memory: 16126 MB
BatchMode: 1, IsHumanControllingUs: 0, StartBugReporterOnCrash: 0, Is64bit: 1, IsPro: 1

COMMAND LINE ARGUMENTS:
C:\Program Files\Unity\Hub\Editor\2021.3.15f1\Editor\Unity.exe
-adb2
-batchMode
-noUpm
-name
AssetImportWorker0
-projectPath
C:/Users/mauri/Desktop/Unity/3D/FirstShooter/FirstShooter
-logFile
Logs/AssetImportWorker0.log
-srvPort
57831
Successfully changed project path to: C:/Users/mauri/Desktop/Unity/3D/FirstShooter/FirstShooter
C:/Users/mauri/Desktop/Unity/3D/FirstShooter/FirstShooter
[UnityMemory] Configuration Parameters - Can be set up in boot.config
    "memorysetup-bucket-allocator-granularity=16"
    "memorysetup-bucket-allocator-bucket-count=8"
    "memorysetup-bucket-allocator-block-size=33554432"
    "memorysetup-bucket-allocator-block-count=8"
    "memorysetup-main-allocator-block-size=16777216"
    "memorysetup-thread-allocator-block-size=16777216"
    "memorysetup-gfx-main-allocator-block-size=16777216"
    "memorysetup-gfx-thread-allocator-block-size=16777216"
    "memorysetup-cache-allocator-block-size=4194304"
    "memorysetup-typetree-allocator-block-size=2097152"
    "memorysetup-profiler-bucket-allocator-granularity=16"
    "memorysetup-profiler-bucket-allocator-bucket-count=8"
    "memorysetup-profiler-bucket-allocator-block-size=33554432"
    "memorysetup-profiler-bucket-allocator-block-count=8"
    "memorysetup-profiler-allocator-block-size=16777216"
    "memorysetup-profiler-editor-allocator-block-size=1048576"
    "memorysetup-temp-allocator-size-main=16777216"
    "memorysetup-job-temp-allocator-block-size=2097152"
    "memorysetup-job-temp-allocator-block-size-background=1048576"
    "memorysetup-job-temp-allocator-reduction-small-platforms=262144"
    "memorysetup-temp-allocator-size-background-worker=32768"
    "memorysetup-temp-allocator-size-job-worker=262144"
    "memorysetup-temp-allocator-size-preload-manager=33554432"
    "memorysetup-temp-allocator-size-nav-mesh-worker=65536"
    "memorysetup-temp-allocator-size-audio-worker=65536"
    "memorysetup-temp-allocator-size-cloud-worker=32768"
    "memorysetup-temp-allocator-size-gi-baking-worker=262144"
    "memorysetup-temp-allocator-size-gfx=262144"
Player connection [30128] Host "[IP] 25.62.12.210 [Port] 0 [Flags] 2 [Guid] 653254321 [EditorId] 653254321 [Version] 1048832 [Id] WindowsEditor(7,DESKTOP-DM5HV54) [Debug] 1 [PackageName] WindowsEditor [ProjectName] Editor" joined multi-casting on [225.0.0.222:54997]...

Player connection [30128] Host "[IP] 25.62.12.210 [Port] 0 [Flags] 2 [Guid] 653254321 [EditorId] 653254321 [Version] 1048832 [Id] WindowsEditor(7,DESKTOP-DM5HV54) [Debug] 1 [PackageName] WindowsEditor [ProjectName] Editor" joined alternative multi-casting on [225.0.0.222:34997]...

Refreshing native plugins compatible for Editor in 120.68 ms, found 4 plugins.
Preloading 0 native plugins for Editor in 0.00 ms.
Initialize engine version: 2021.3.15f1 (e8e88683f834)
[Subsystems] Discovering subsystems at path C:/Program Files/Unity/Hub/Editor/2021.3.15f1/Editor/Data/Resources/UnitySubsystems
[Subsystems] Discovering subsystems at path C:/Users/mauri/Desktop/Unity/3D/FirstShooter/FirstShooter/Assets
GfxDevice: creating device client; threaded=0; jobified=0
Direct3D:
    Version:  Direct3D 11.0 [level 11.1]
    Renderer: NVIDIA GeForce RTX 3060 Laptop GPU (ID=0x2560)
    Vendor:   NVIDIA
    VRAM:     6009 MB
    Driver:   31.0.15.2756
Initialize mono
Mono path[0] = 'C:/Program Files/Unity/Hub/Editor/2021.3.15f1/Editor/Data/Managed'
Mono path[1] = 'C:/Program Files/Unity/Hub/Editor/2021.3.15f1/Editor/Data/MonoBleedingEdge/lib/mono/unityjit-win32'
Mono config path = 'C:/Program Files/Unity/Hub/Editor/2021.3.15f1/Editor/Data/MonoBleedingEdge/etc'
Using monoOptions --debugger-agent=transport=dt_socket,embedding=1,server=y,suspend=n,address=127.0.0.1:56116
Begin MonoManager ReloadAssembly
Registering precompiled unity dll's ...
Register platform support module: C:/Program Files/Unity/Hub/Editor/2021.3.15f1/Editor/Data/PlaybackEngines/WindowsStandaloneSupport/UnityEditor.WindowsStandalone.Extensions.dll
Register platform support module: C:/Program Files/Unity/Hub/Editor/2021.3.15f1/Editor/Data/PlaybackEngines/MetroSupport/UnityEditor.UWP.Extensions.dll
Registered in 0.012708 seconds.
Native extension for UWP target not found
Native extension for WindowsStandalone target not found
Refreshing native plugins compatible for Editor in 140.87 ms, found 4 plugins.
Preloading 0 native plugins for Editor in 0.00 ms.
Mono: successfully reloaded assembly
- Completed reload, in  1.026 seconds
Domain Reload Profiling:
	ReloadAssembly (1027ms)
		BeginReloadAssembly (121ms)
			ExecutionOrderSort (0ms)
			DisableScriptedObjects (0ms)
			BackupInstance (0ms)
			ReleaseScriptingObjects (0ms)
			CreateAndSetChildDomain (1ms)
		EndReloadAssembly (731ms)
			LoadAssemblies (117ms)
			RebuildTransferFunctionScriptingTraits (0ms)
			SetupTypeCache (159ms)
			ReleaseScriptCaches (0ms)
			RebuildScriptCaches (49ms)
			SetupLoadedEditorAssemblies (451ms)
				LogAssemblyErrors (0ms)
				InitializePlatformSupportModulesInManaged (15ms)
				SetLoadedEditorAssemblies (0ms)
				RefreshPlugins (141ms)
				BeforeProcessingInitializeOnLoad (3ms)
				ProcessInitializeOnLoadAttributes (224ms)
				ProcessInitializeOnLoadMethodAttributes (68ms)
				AfterProcessingInitializeOnLoad (0ms)
				EditorAssembliesLoaded (0ms)
			ExecutionOrderSort2 (0ms)
			AwakeInstancesAfterBackupRestoration (0ms)
Platform modules already initialized, skipping
Registering precompiled user dll's ...
Registered in 0.010959 seconds.
Begin MonoManager ReloadAssembly
Symbol file LoadedFromMemory doesn't match image C:\Users\mauri\Desktop\Unity\3D\FirstShooter\FirstShooter\Library\PackageCache\com.unity.visualscripting@1.7.8\Editor\VisualScripting.Core\Dependencies\YamlDotNet\Unity.VisualScripting.YamlDotNet.dll
Symbol file LoadedFromMemory doesn't match image C:\Users\mauri\Desktop\Unity\3D\FirstShooter\FirstShooter\Library\PackageCache\com.unity.visualscripting@1.7.8\Editor\VisualScripting.Core\Dependencies\DotNetZip\Unity.VisualScripting.IonicZip.dll
Native extension for UWP target not found
Native extension for WindowsStandalone target not found
Refreshing native plugins compatible for Editor in 142.63 ms, found 4 plugins.
Preloading 0 native plugins for Editor in 0.00 ms.
Mono: successfully reloaded assembly
- Completed reload, in  1.692 seconds
Domain Reload Profiling:
	ReloadAssembly (1694ms)
		BeginReloadAssembly (148ms)
			ExecutionOrderSort (0ms)
			DisableScriptedObjects (5ms)
			BackupInstance (0ms)
			ReleaseScriptingObjects (0ms)
			CreateAndSetChildDomain (27ms)
		EndReloadAssembly (1365ms)
			LoadAssemblies (148ms)
			RebuildTransferFunctionScriptingTraits (0ms)
			SetupTypeCache (362ms)
			ReleaseScriptCaches (1ms)
			RebuildScriptCaches (68ms)
			SetupLoadedEditorAssemblies (746ms)
				LogAssemblyErrors (0ms)
				InitializePlatformSupportModulesInManaged (5ms)
				SetLoadedEditorAssemblies (0ms)
				RefreshPlugins (143ms)
				BeforeProcessingInitializeOnLoad (161ms)
				ProcessInitializeOnLoadAttributes (364ms)
				ProcessInitializeOnLoadMethodAttributes (66ms)
				AfterProcessingInitializeOnLoad (6ms)
				EditorAssembliesLoaded (0ms)
			ExecutionOrderSort2 (0ms)
			AwakeInstancesAfterBackupRestoration (7ms)
Platform modules already initialized, skipping
========================================================================
Worker process is ready to serve import requests
Launched and connected shader compiler UnityShaderCompiler.exe after 0.09 seconds
Refreshing native plugins compatible for Editor in 1.13 ms, found 4 plugins.
Preloading 0 native plugins for Editor in 0.00 ms.
Unloading 4198 Unused Serialized files (Serialized files now loaded: 0)
Unloading 41 unused Assets / (113.5 KB). Loaded Objects now: 4655.
Memory consumption went from 158.8 MB to 158.7 MB.
Total: 4.903300 ms (FindLiveObjects: 0.623300 ms CreateObjectMapping: 0.124400 ms MarkObjects: 3.940500 ms  DeleteObjects: 0.213800 ms)

AssetImportParameters requested are different than current active one (requested -> active):
  custom:video-decoder-ogg-theora: a1e56fd34408186e4bbccfd4996cb3dc -> 
  custom:container-muxer-webm: aa71ff27fc2769a1b78a27578f13a17b -> 
  custom:container-demuxer-webm: 4f35f7cbe854078d1ac9338744f61a02 -> 
  custom:video-encoder-webm-vp8: eb34c28f22e8b96e1ab97ce403110664 -> 
  custom:video-codec-MediaFoundation-h265: 746d11721c4dcdbdad8f713fa42b33f4 -> 
  custom:audio-encoder-webm-vorbis: bf7c407c2cedff20999df2af8eb42d56 -> 
  custom:framework-win-MediaFoundation: 216162199b28c13a410421893ffa2e32 -> 
  custom:container-demuxer-ogg: 62fdf1f143b41e24485cea50d1cbac27 -> 
  custom:video-decoder-webm-vp8: 9c59270c3fd7afecdb556c50c9e8de78 -> 
  custom:audio-decoder-ogg-vorbis: bf7c407c2cedff20999df2af8eb42d56 -> 
========================================================================
Received Import Request.
  Time since last request: 1166769.799722 seconds.
  path: Assets/Models/Character Model/Material/Basic/Materials/skin_orc.mat
  artifactKey: Guid(d85667282d2bbe44d9809f9c4437065f) Importer(815301076,1909f56bfc062723c751e8b465ee728b)
Start importing Assets/Models/Character Model/Material/Basic/Materials/skin_orc.mat using Guid(d85667282d2bbe44d9809f9c4437065f) Importer(815301076,1909f56bfc062723c751e8b465ee728b)  -> (artifact id: 'bd17d983059d60b2ba485b49093fff49') in 0.188902 seconds 
========================================================================
Received Import Request.
  Time since last request: 706.114585 seconds.
  path: Assets/Models/Character Model/Material/Advanced/skin_adventurer.mat
  artifactKey: Guid(5a93608b3e08a0f43b28b75f42ad8e06) Importer(815301076,1909f56bfc062723c751e8b465ee728b)
Start importing Assets/Models/Character Model/Material/Advanced/skin_adventurer.mat using Guid(5a93608b3e08a0f43b28b75f42ad8e06) Importer(815301076,1909f56bfc062723c751e8b465ee728b)  -> (artifact id: '3b02ab1f9d4b91cd1659f81c7641566d') in 0.043516 seconds 
========================================================================
Received Import Request.
  Time since last request: 0.000055 seconds.
  path: Assets/Models/Character Model/Material/Advanced/skin_woman.mat
  artifactKey: Guid(78ca43db30d83f548b74cbf3dfb1e8aa) Importer(815301076,1909f56bfc062723c751e8b465ee728b)
Start importing Assets/Models/Character Model/Material/Advanced/skin_woman.mat using Guid(78ca43db30d83f548b74cbf3dfb1e8aa) Importer(815301076,1909f56bfc062723c751e8b465ee728b)  -> (artifact id: '391d6615f181eeebaa7d9e770b6d040c') in 0.039130 seconds 
========================================================================
Received Import Request.
  Time since last request: 0.000027 seconds.
  path: Assets/Models/Character Model/Material/Advanced/skin_orc.mat
  artifactKey: Guid(c6813dda0c64cb34f8e4a9f4caf00c86) Importer(815301076,1909f56bfc062723c751e8b465ee728b)
Start importing Assets/Models/Character Model/Material/Advanced/skin_orc.mat using Guid(c6813dda0c64cb34f8e4a9f4caf00c86) Importer(815301076,1909f56bfc062723c751e8b465ee728b)  -> (artifact id: '18c080823897bee259694c998dfd706a') in 0.039110 seconds 
========================================================================
Received Import Request.
  Time since last request: 0.000031 seconds.
  path: Assets/Models/Character Model/Material/Advanced/skin_woman.png
  artifactKey: Guid(24a71f68df099a74f8c50948043d7ff5) Importer(815301076,1909f56bfc062723c751e8b465ee728b)
Start importing Assets/Models/Character Model/Material/Advanced/skin_woman.png using Guid(24a71f68df099a74f8c50948043d7ff5) Importer(815301076,1909f56bfc062723c751e8b465ee728b)  -> (artifact id: 'fae9993f68a9a4729e4f82c5591308bb') in 0.051454 seconds 
========================================================================
Received Import Request.
  Time since last request: 0.000034 seconds.
  path: Assets/Models/Character Model/Material/Advanced/skin_man.png
  artifactKey: Guid(7a362ccd7f7207a43a886cc38bd0dc88) Importer(815301076,1909f56bfc062723c751e8b465ee728b)
Start importing Assets/Models/Character Model/Material/Advanced/skin_man.png using Guid(7a362ccd7f7207a43a886cc38bd0dc88) Importer(815301076,1909f56bfc062723c751e8b465ee728b)  -> (artifact id: '21d18e974b2ec24536ae92faf50b0b9a') in 0.024840 seconds 
========================================================================
Received Import Request.
  Time since last request: 0.000035 seconds.
  path: Assets/Models/Character Model/Material/Advanced/skin_womanAlternative.png
  artifactKey: Guid(6e3d5aa2d42bdd54ca9043176eb6da78) Importer(815301076,1909f56bfc062723c751e8b465ee728b)
Start importing Assets/Models/Character Model/Material/Advanced/skin_womanAlternative.png using Guid(6e3d5aa2d42bdd54ca9043176eb6da78) Importer(815301076,1909f56bfc062723c751e8b465ee728b)  -> (artifact id: '95a14df0660fe81d5c646e32f71a831e') in 0.021653 seconds 
========================================================================
Received Import Request.
  Time since last request: 0.000027 seconds.
  path: Assets/Models/Character Model/Material/Advanced/skin_soldier.png
  artifactKey: Guid(5b175598215bfd44180be04c79b3fafc) Importer(815301076,1909f56bfc062723c751e8b465ee728b)
Start importing Assets/Models/Character Model/Material/Advanced/skin_soldier.png using Guid(5b175598215bfd44180be04c79b3fafc) Importer(815301076,1909f56bfc062723c751e8b465ee728b)  -> (artifact id: '988b0394f907b1d6acae21f4c1a90265') in 0.013203 seconds 
========================================================================
Received Import Request.
  Time since last request: 0.000022 seconds.
  path: Assets/Models/Character Model/Material/Advanced/skin_womanAlternative.mat
  artifactKey: Guid(d78ae75865bb57b4e84724e915e80669) Importer(815301076,1909f56bfc062723c751e8b465ee728b)
Start importing Assets/Models/Character Model/Material/Advanced/skin_womanAlternative.mat using Guid(d78ae75865bb57b4e84724e915e80669) Importer(815301076,1909f56bfc062723c751e8b465ee728b)  -> (artifact id: '148798ff4fa1d6463b8ff03dd6b273da') in 0.025291 seconds 
Editor requested this worker to shutdown with reason: Scaling down because of idle timeout
AssetImportWorker is now disconnected from the server
Process exiting
Exiting without the bug reporter. Application will terminate with return code 0